  [1m[35m (135.2ms)[0m  [1m[35mCREATE DATABASE "music_app_development" ENCODING = 'unicode'[0m
  ↳ bin/rails:9
  [1m[35m (58.5ms)[0m  [1m[35mCREATE DATABASE "music_app_test" ENCODING = 'unicode'[0m
  ↳ bin/rails:9
  [1m[35m (14.0ms)[0m  [1m[35mCREATE TABLE "schema_migrations" ("version" character varying NOT NULL PRIMARY KEY)[0m
  ↳ bin/rails:9
  [1m[35m (2.1ms)[0m  [1m[35mCREATE TABLE "ar_internal_metadata" ("key" character varying NOT NULL PRIMARY KEY, "value" character varying, "created_at" timestamp NOT NULL, "updated_at" timestamp NOT NULL)[0m
  ↳ bin/rails:9
  [1m[35m (0.1ms)[0m  [1m[34mSELECT pg_try_advisory_lock(4505726345591715405)[0m
  ↳ bin/rails:9
  [1m[35m (0.3ms)[0m  [1m[34mSELECT "schema_migrations"."version" FROM "schema_migrations" ORDER BY "schema_migrations"."version" ASC[0m
  ↳ bin/rails:9
Migrating to CreateUsers (20201103190816)
  [1m[35m (0.1ms)[0m  [1m[35mBEGIN[0m
  ↳ bin/rails:9
  [1m[35m (2.8ms)[0m  [1m[35mCREATE TABLE "users" ("id" bigserial primary key, "username" character varying NOT NULL, "email" character varying NOT NULL, "password_digest" character varying NOT NULL, "session_token" character varying NOT NULL, "created_at" timestamp NOT NULL, "updated_at" timestamp NOT NULL)[0m
  ↳ db/migrate/20201103190816_create_users.rb:3
  [1m[35m (1.2ms)[0m  [1m[35mCREATE UNIQUE INDEX  "index_users_on_username" ON "users"  ("username")[0m
  ↳ db/migrate/20201103190816_create_users.rb:11
  [1m[35m (0.9ms)[0m  [1m[35mCREATE UNIQUE INDEX  "index_users_on_email" ON "users"  ("email")[0m
  ↳ db/migrate/20201103190816_create_users.rb:12
  [1m[35m (0.9ms)[0m  [1m[35mCREATE UNIQUE INDEX  "index_users_on_session_token" ON "users"  ("session_token")[0m
  ↳ db/migrate/20201103190816_create_users.rb:13
  [1m[36mActiveRecord::SchemaMigration Create (0.4ms)[0m  [1m[32mINSERT INTO "schema_migrations" ("version") VALUES ($1) RETURNING "version"[0m  [["version", "20201103190816"]]
  ↳ bin/rails:9
  [1m[35m (0.4ms)[0m  [1m[35mCOMMIT[0m
  ↳ bin/rails:9
  [1m[36mActiveRecord::InternalMetadata Load (0.3ms)[0m  [1m[34mSELECT  "ar_internal_metadata".* FROM "ar_internal_metadata" WHERE "ar_internal_metadata"."key" = $1 LIMIT $2[0m  [["key", "environment"], ["LIMIT", 1]]
  ↳ bin/rails:9
  [1m[35m (0.1ms)[0m  [1m[35mBEGIN[0m
  ↳ bin/rails:9
  [1m[36mActiveRecord::InternalMetadata Create (0.3ms)[0m  [1m[32mINSERT INTO "ar_internal_metadata" ("key", "value", "created_at", "updated_at") VALUES ($1, $2, $3, $4) RETURNING "key"[0m  [["key", "environment"], ["value", "development"], ["created_at", "2020-11-03 19:14:12.688644"], ["updated_at", "2020-11-03 19:14:12.688644"]]
  ↳ bin/rails:9
  [1m[35m (0.3ms)[0m  [1m[35mCOMMIT[0m
  ↳ bin/rails:9
  [1m[35m (0.1ms)[0m  [1m[34mSELECT pg_advisory_unlock(4505726345591715405)[0m
  ↳ bin/rails:9
  [1m[35m (0.2ms)[0m  [1m[34mSELECT "schema_migrations"."version" FROM "schema_migrations" ORDER BY "schema_migrations"."version" ASC[0m
  ↳ bin/rails:9
Started GET "/" for ::1 at 2020-11-03 17:28:37 -0800
  [1m[35m (1.1ms)[0m  [1m[34mSELECT "schema_migrations"."version" FROM "schema_migrations" ORDER BY "schema_migrations"."version" ASC[0m
  ↳ /Users/yizhewang/.rbenv/versions/2.5.1/lib/ruby/gems/2.5.0/gems/activerecord-5.2.4.4/lib/active_record/log_subscriber.rb:98
Processing by Rails::WelcomeController#index as HTML
  Rendering /Users/yizhewang/.rbenv/versions/2.5.1/lib/ruby/gems/2.5.0/gems/railties-5.2.4.4/lib/rails/templates/rails/welcome/index.html.erb
  Rendered /Users/yizhewang/.rbenv/versions/2.5.1/lib/ruby/gems/2.5.0/gems/railties-5.2.4.4/lib/rails/templates/rails/welcome/index.html.erb (2.3ms)
Completed 200 OK in 14ms (Views: 7.1ms | ActiveRecord: 0.0ms)


Started GET "/" for ::1 at 2020-11-03 19:31:37 -0800
  [1m[35m (1.4ms)[0m  [1m[34mSELECT "schema_migrations"."version" FROM "schema_migrations" ORDER BY "schema_migrations"."version" ASC[0m
  ↳ /Users/yizhewang/.rbenv/versions/2.5.1/lib/ruby/gems/2.5.0/gems/activerecord-5.2.4.4/lib/active_record/log_subscriber.rb:98
  
ActiveRecord::PendingMigrationError (

Migrations are pending. To resolve this issue, run:

        bin/rails db:migrate RAILS_ENV=development

):
  
activerecord (5.2.4.4) lib/active_record/migration.rb:579:in `check_pending!'
activerecord (5.2.4.4) lib/active_record/migration.rb:556:in `call'
actionpack (5.2.4.4) lib/action_dispatch/middleware/callbacks.rb:28:in `block in call'
activesupport (5.2.4.4) lib/active_support/callbacks.rb:98:in `run_callbacks'
actionpack (5.2.4.4) lib/action_dispatch/middleware/callbacks.rb:26:in `call'
actionpack (5.2.4.4) lib/action_dispatch/middleware/executor.rb:14:in `call'
actionpack (5.2.4.4) lib/action_dispatch/middleware/debug_exceptions.rb:61:in `call'
web-console (3.7.0) lib/web_console/middleware.rb:135:in `call_app'
web-console (3.7.0) lib/web_console/middleware.rb:30:in `block in call'
web-console (3.7.0) lib/web_console/middleware.rb:20:in `catch'
web-console (3.7.0) lib/web_console/middleware.rb:20:in `call'
actionpack (5.2.4.4) lib/action_dispatch/middleware/show_exceptions.rb:33:in `call'
railties (5.2.4.4) lib/rails/rack/logger.rb:38:in `call_app'
railties (5.2.4.4) lib/rails/rack/logger.rb:26:in `block in call'
activesupport (5.2.4.4) lib/active_support/tagged_logging.rb:71:in `block in tagged'
activesupport (5.2.4.4) lib/active_support/tagged_logging.rb:28:in `tagged'
activesupport (5.2.4.4) lib/active_support/tagged_logging.rb:71:in `tagged'
railties (5.2.4.4) lib/rails/rack/logger.rb:26:in `call'
sprockets-rails (3.2.2) lib/sprockets/rails/quiet_assets.rb:13:in `call'
actionpack (5.2.4.4) lib/action_dispatch/middleware/remote_ip.rb:81:in `call'
actionpack (5.2.4.4) lib/action_dispatch/middleware/request_id.rb:27:in `call'
rack (2.2.3) lib/rack/method_override.rb:24:in `call'
rack (2.2.3) lib/rack/runtime.rb:22:in `call'
activesupport (5.2.4.4) lib/active_support/cache/strategy/local_cache_middleware.rb:29:in `call'
actionpack (5.2.4.4) lib/action_dispatch/middleware/executor.rb:14:in `call'
actionpack (5.2.4.4) lib/action_dispatch/middleware/static.rb:127:in `call'
rack (2.2.3) lib/rack/sendfile.rb:110:in `call'
railties (5.2.4.4) lib/rails/engine.rb:524:in `call'
puma (3.12.6) lib/puma/configuration.rb:227:in `call'
puma (3.12.6) lib/puma/server.rb:706:in `handle_request'
puma (3.12.6) lib/puma/server.rb:476:in `process_client'
puma (3.12.6) lib/puma/server.rb:334:in `block in run'
puma (3.12.6) lib/puma/thread_pool.rb:135:in `block in spawn_thread'
  [1m[35m (0.2ms)[0m  [1m[34mSELECT pg_try_advisory_lock(4505726345591715405)[0m
  ↳ bin/rails:9
  [1m[35m (0.4ms)[0m  [1m[34mSELECT "schema_migrations"."version" FROM "schema_migrations" ORDER BY "schema_migrations"."version" ASC[0m
  ↳ bin/rails:9
Migrating to CreateBands (20201104032014)
  [1m[35m (0.1ms)[0m  [1m[35mBEGIN[0m
  ↳ bin/rails:9
  [1m[35m (26.0ms)[0m  [1m[35mCREATE TABLE "bands" ("id" bigserial primary key, "name" character varying NOT NULL, "created_at" timestamp NOT NULL, "updated_at" timestamp NOT NULL)[0m
  ↳ db/migrate/20201104032014_create_bands.rb:6
  [1m[36mActiveRecord::SchemaMigration Create (0.2ms)[0m  [1m[32mINSERT INTO "schema_migrations" ("version") VALUES ($1) RETURNING "version"[0m  [["version", "20201104032014"]]
  ↳ bin/rails:9
  [1m[35m (0.8ms)[0m  [1m[35mCOMMIT[0m
  ↳ bin/rails:9
  [1m[36mActiveRecord::InternalMetadata Load (0.3ms)[0m  [1m[34mSELECT  "ar_internal_metadata".* FROM "ar_internal_metadata" WHERE "ar_internal_metadata"."key" = $1 LIMIT $2[0m  [["key", "environment"], ["LIMIT", 1]]
  ↳ bin/rails:9
  [1m[35m (0.1ms)[0m  [1m[35mBEGIN[0m
  ↳ bin/rails:9
  [1m[35m (0.1ms)[0m  [1m[35mCOMMIT[0m
  ↳ bin/rails:9
  [1m[35m (0.1ms)[0m  [1m[34mSELECT pg_advisory_unlock(4505726345591715405)[0m
  ↳ bin/rails:9
  [1m[35m (0.1ms)[0m  [1m[34mSELECT "schema_migrations"."version" FROM "schema_migrations" ORDER BY "schema_migrations"."version" ASC[0m
  ↳ bin/rails:9
Started GET "/" for ::1 at 2020-11-03 19:31:49 -0800
  [1m[35m (0.1ms)[0m  [1m[34mSELECT "schema_migrations"."version" FROM "schema_migrations" ORDER BY "schema_migrations"."version" ASC[0m
  ↳ /Users/yizhewang/.rbenv/versions/2.5.1/lib/ruby/gems/2.5.0/gems/activerecord-5.2.4.4/lib/active_record/log_subscriber.rb:98
Processing by Rails::WelcomeController#index as HTML
  Rendering /Users/yizhewang/.rbenv/versions/2.5.1/lib/ruby/gems/2.5.0/gems/railties-5.2.4.4/lib/rails/templates/rails/welcome/index.html.erb
  Rendered /Users/yizhewang/.rbenv/versions/2.5.1/lib/ruby/gems/2.5.0/gems/railties-5.2.4.4/lib/rails/templates/rails/welcome/index.html.erb (1.6ms)
Completed 200 OK in 11ms (Views: 4.6ms | ActiveRecord: 0.0ms)


Started GET "/" for ::1 at 2020-11-03 19:31:54 -0800
Processing by Rails::WelcomeController#index as HTML
  Rendering /Users/yizhewang/.rbenv/versions/2.5.1/lib/ruby/gems/2.5.0/gems/railties-5.2.4.4/lib/rails/templates/rails/welcome/index.html.erb
  Rendered /Users/yizhewang/.rbenv/versions/2.5.1/lib/ruby/gems/2.5.0/gems/railties-5.2.4.4/lib/rails/templates/rails/welcome/index.html.erb (1.5ms)
Completed 200 OK in 6ms (Views: 3.9ms | ActiveRecord: 0.0ms)


Started GET "/" for ::1 at 2020-11-03 19:31:54 -0800
Processing by Rails::WelcomeController#index as HTML
  Rendering /Users/yizhewang/.rbenv/versions/2.5.1/lib/ruby/gems/2.5.0/gems/railties-5.2.4.4/lib/rails/templates/rails/welcome/index.html.erb
  Rendered /Users/yizhewang/.rbenv/versions/2.5.1/lib/ruby/gems/2.5.0/gems/railties-5.2.4.4/lib/rails/templates/rails/welcome/index.html.erb (1.6ms)
Completed 200 OK in 6ms (Views: 4.1ms | ActiveRecord: 0.0ms)


Started GET "/badges.html" for ::1 at 2020-11-03 19:31:55 -0800
  
ActionController::RoutingError (No route matches [GET] "/badges.html"):
  
actionpack (5.2.4.4) lib/action_dispatch/middleware/debug_exceptions.rb:65:in `call'
web-console (3.7.0) lib/web_console/middleware.rb:135:in `call_app'
web-console (3.7.0) lib/web_console/middleware.rb:30:in `block in call'
web-console (3.7.0) lib/web_console/middleware.rb:20:in `catch'
web-console (3.7.0) lib/web_console/middleware.rb:20:in `call'
actionpack (5.2.4.4) lib/action_dispatch/middleware/show_exceptions.rb:33:in `call'
railties (5.2.4.4) lib/rails/rack/logger.rb:38:in `call_app'
railties (5.2.4.4) lib/rails/rack/logger.rb:26:in `block in call'
activesupport (5.2.4.4) lib/active_support/tagged_logging.rb:71:in `block in tagged'
activesupport (5.2.4.4) lib/active_support/tagged_logging.rb:28:in `tagged'
activesupport (5.2.4.4) lib/active_support/tagged_logging.rb:71:in `tagged'
railties (5.2.4.4) lib/rails/rack/logger.rb:26:in `call'
sprockets-rails (3.2.2) lib/sprockets/rails/quiet_assets.rb:13:in `call'
actionpack (5.2.4.4) lib/action_dispatch/middleware/remote_ip.rb:81:in `call'
actionpack (5.2.4.4) lib/action_dispatch/middleware/request_id.rb:27:in `call'
rack (2.2.3) lib/rack/method_override.rb:24:in `call'
rack (2.2.3) lib/rack/runtime.rb:22:in `call'
activesupport (5.2.4.4) lib/active_support/cache/strategy/local_cache_middleware.rb:29:in `call'
actionpack (5.2.4.4) lib/action_dispatch/middleware/executor.rb:14:in `call'
actionpack (5.2.4.4) lib/action_dispatch/middleware/static.rb:127:in `call'
rack (2.2.3) lib/rack/sendfile.rb:110:in `call'
railties (5.2.4.4) lib/rails/engine.rb:524:in `call'
puma (3.12.6) lib/puma/configuration.rb:227:in `call'
puma (3.12.6) lib/puma/server.rb:706:in `handle_request'
puma (3.12.6) lib/puma/server.rb:476:in `process_client'
puma (3.12.6) lib/puma/server.rb:334:in `block in run'
puma (3.12.6) lib/puma/thread_pool.rb:135:in `block in spawn_thread'
Started GET "/bands" for ::1 at 2020-11-03 19:31:56 -0800
Processing by BandsController#index as HTML
  Rendering bands/index.html.erb within layouts/application
  [1m[36mBand Load (0.4ms)[0m  [1m[34mSELECT "bands".* FROM "bands"[0m
  ↳ app/views/bands/index.html.erb:14
  Rendered bands/index.html.erb within layouts/application (2.8ms)
  [1m[36mUser Load (18.8ms)[0m  [1m[34mSELECT  "users".* FROM "users" WHERE "users"."session_token" IS NULL LIMIT $1[0m  [["LIMIT", 1]]
  ↳ app/controllers/application_controller.rb:8
Completed 200 OK in 407ms (Views: 383.1ms | ActiveRecord: 21.2ms)


Started GET "/session/new" for ::1 at 2020-11-03 19:32:14 -0800
Processing by SessionsController#new as HTML
  Rendering sessions/new.html.erb within layouts/application
  Rendered sessions/new.html.erb within layouts/application (0.4ms)
  [1m[36mUser Load (0.3ms)[0m  [1m[34mSELECT  "users".* FROM "users" WHERE "users"."session_token" IS NULL LIMIT $1[0m  [["LIMIT", 1]]
  ↳ app/controllers/application_controller.rb:8
Completed 200 OK in 20ms (Views: 17.5ms | ActiveRecord: 0.5ms)


Started GET "/users/new" for ::1 at 2020-11-03 19:32:16 -0800
Processing by UsersController#new as HTML
  Rendering users/new.html.erb within layouts/application
  Rendered users/new.html.erb within layouts/application (0.2ms)
  [1m[36mUser Load (0.2ms)[0m  [1m[34mSELECT  "users".* FROM "users" WHERE "users"."session_token" IS NULL LIMIT $1[0m  [["LIMIT", 1]]
  ↳ app/controllers/application_controller.rb:8
Completed 200 OK in 19ms (Views: 17.4ms | ActiveRecord: 0.2ms)


Started GET "/session/new" for ::1 at 2020-11-03 19:32:18 -0800
Processing by SessionsController#new as HTML
  Rendering sessions/new.html.erb within layouts/application
  Rendered sessions/new.html.erb within layouts/application (0.3ms)
  [1m[36mUser Load (0.3ms)[0m  [1m[34mSELECT  "users".* FROM "users" WHERE "users"."session_token" IS NULL LIMIT $1[0m  [["LIMIT", 1]]
  ↳ app/controllers/application_controller.rb:8
Completed 200 OK in 47ms (Views: 45.0ms | ActiveRecord: 0.3ms)


Started POST "/session" for ::1 at 2020-11-03 19:32:20 -0800
Processing by SessionsController#create as HTML
Completed 500 Internal Server Error in 1ms (ActiveRecord: 0.0ms)


  
NoMethodError (undefined method `[]' for nil:NilClass):
  
app/controllers/sessions_controller.rb:8:in `create'
Started GET "/session/new" for ::1 at 2020-11-03 19:34:40 -0800
Processing by SessionsController#new as HTML
  Rendering sessions/new.html.erb within layouts/application
  Rendered sessions/new.html.erb within layouts/application (168.0ms)
Completed 500 Internal Server Error in 174ms (ActiveRecord: 0.0ms)


  
ActionView::Template::Error (undefined local variable or method `user' for #<#<Class:0x00007fbf8a233bf0>:0x00007fbf992ad428>
Did you mean?  super):
    1: <h1>Sessions#new</h1>
    2: <form action='<%= session_url =%>' method='POST'>
    3:   <label for='username'>password</label>
    4:   <input id='username' type='text' name='user[username]' value='<%=user.username%>'>
    5:   <label for='password'>password</label>
    6:   <input id='password' type='text' name='user[password]'>
    7:   <input type='submit' value='Submit'>
  
app/views/sessions/new.html.erb:4:in `_app_views_sessions_new_html_erb__2432088187105530030_70230442603400'
Started GET "/session/new" for ::1 at 2020-11-03 19:35:06 -0800
Processing by SessionsController#new as HTML
  Rendering sessions/new.html.erb within layouts/application
  Rendered sessions/new.html.erb within layouts/application (0.4ms)
  [1m[36mUser Load (0.3ms)[0m  [1m[34mSELECT  "users".* FROM "users" WHERE "users"."session_token" IS NULL LIMIT $1[0m  [["LIMIT", 1]]
  ↳ app/controllers/application_controller.rb:8
Completed 200 OK in 29ms (Views: 26.8ms | ActiveRecord: 0.3ms)


Started GET "/session/new" for ::1 at 2020-11-03 19:35:36 -0800
Processing by SessionsController#new as HTML
  Rendering sessions/new.html.erb within layouts/application
  Rendered sessions/new.html.erb within layouts/application (0.4ms)
  [1m[36mUser Load (0.2ms)[0m  [1m[34mSELECT  "users".* FROM "users" WHERE "users"."session_token" IS NULL LIMIT $1[0m  [["LIMIT", 1]]
  ↳ app/controllers/application_controller.rb:8
Completed 200 OK in 31ms (Views: 28.1ms | ActiveRecord: 0.2ms)


Started GET "/session/new" for ::1 at 2020-11-03 19:35:48 -0800
Processing by SessionsController#new as HTML
  Rendering sessions/new.html.erb within layouts/application
  Rendered sessions/new.html.erb within layouts/application (0.5ms)
  [1m[36mUser Load (0.3ms)[0m  [1m[34mSELECT  "users".* FROM "users" WHERE "users"."session_token" IS NULL LIMIT $1[0m  [["LIMIT", 1]]
  ↳ app/controllers/application_controller.rb:8
Completed 200 OK in 33ms (Views: 30.1ms | ActiveRecord: 0.3ms)


Started POST "/session" for ::1 at 2020-11-03 19:35:57 -0800
Processing by SessionsController#create as HTML
  Parameters: {"user"=>{"username"=>"username", "email"=>"email", "password"=>"[FILTERED]"}}
  [1m[36mUser Load (0.3ms)[0m  [1m[34mSELECT  "users".* FROM "users" WHERE "users"."email" = $1 LIMIT $2[0m  [["email", "username"], ["LIMIT", 1]]
  ↳ app/models/user.rb:11
Completed 500 Internal Server Error in 43ms (ActiveRecord: 0.3ms)


  
NoMethodError (undefined method `ender' for #<SessionsController:0x00007fbf996f4978>
Did you mean?  render
               end):
  
app/controllers/sessions_controller.rb:14:in `create'
Started GET "/session/new" for ::1 at 2020-11-03 19:36:24 -0800
Processing by SessionsController#new as HTML
  Rendering sessions/new.html.erb within layouts/application
  Rendered sessions/new.html.erb within layouts/application (0.3ms)
  [1m[36mUser Load (0.1ms)[0m  [1m[34mSELECT  "users".* FROM "users" WHERE "users"."session_token" IS NULL LIMIT $1[0m  [["LIMIT", 1]]
  ↳ app/controllers/application_controller.rb:8
Completed 200 OK in 25ms (Views: 20.3ms | ActiveRecord: 1.9ms)


Started POST "/session" for ::1 at 2020-11-03 19:36:30 -0800
Processing by SessionsController#create as HTML
  Parameters: {"user"=>{"username"=>"username", "email"=>"email", "password"=>"[FILTERED]"}}
  [1m[36mUser Load (0.2ms)[0m  [1m[34mSELECT  "users".* FROM "users" WHERE "users"."email" = $1 LIMIT $2[0m  [["email", "username"], ["LIMIT", 1]]
  ↳ app/models/user.rb:11
  Rendering sessions/new.html.erb within layouts/application
  Rendered sessions/new.html.erb within layouts/application (0.5ms)
  [1m[36mUser Load (0.2ms)[0m  [1m[34mSELECT  "users".* FROM "users" WHERE "users"."session_token" IS NULL LIMIT $1[0m  [["LIMIT", 1]]
  ↳ app/controllers/application_controller.rb:8
Completed 200 OK in 18ms (Views: 17.3ms | ActiveRecord: 0.3ms)


Started POST "/session" for ::1 at 2020-11-03 19:36:57 -0800
Processing by SessionsController#create as HTML
  Parameters: {"user"=>{"username"=>"username", "email"=>"email", "password"=>"[FILTERED]"}}
  [1m[36mUser Load (0.1ms)[0m  [1m[34mSELECT  "users".* FROM "users" WHERE "users"."email" = $1 LIMIT $2[0m  [["email", "username"], ["LIMIT", 1]]
  ↳ app/models/user.rb:11
  Rendering sessions/new.html.erb within layouts/application
  Rendered sessions/new.html.erb within layouts/application (0.4ms)
  [1m[36mUser Load (0.1ms)[0m  [1m[34mSELECT  "users".* FROM "users" WHERE "users"."session_token" IS NULL LIMIT $1[0m  [["LIMIT", 1]]
  ↳ app/controllers/application_controller.rb:8
Completed 200 OK in 27ms (Views: 22.9ms | ActiveRecord: 1.1ms)


  [1m[36mUser Load (0.3ms)[0m  [1m[34mSELECT  "users".* FROM "users" LIMIT $1[0m  [["LIMIT", 11]]
Started GET "/session/new" for ::1 at 2020-11-03 19:39:41 -0800
Processing by SessionsController#new as HTML
  Rendering sessions/new.html.erb within layouts/application
  Rendered sessions/new.html.erb within layouts/application (0.3ms)
  [1m[36mUser Load (0.1ms)[0m  [1m[34mSELECT  "users".* FROM "users" WHERE "users"."session_token" IS NULL LIMIT $1[0m  [["LIMIT", 1]]
  ↳ app/controllers/application_controller.rb:8
Completed 200 OK in 23ms (Views: 21.2ms | ActiveRecord: 0.1ms)


Started GET "/users/new" for ::1 at 2020-11-03 19:39:42 -0800
Processing by UsersController#new as HTML
  Rendering users/new.html.erb within layouts/application
  Rendered users/new.html.erb within layouts/application (0.3ms)
  [1m[36mUser Load (0.1ms)[0m  [1m[34mSELECT  "users".* FROM "users" WHERE "users"."session_token" IS NULL LIMIT $1[0m  [["LIMIT", 1]]
  ↳ app/controllers/application_controller.rb:8
Completed 200 OK in 19ms (Views: 17.3ms | ActiveRecord: 0.1ms)


Started GET "/session/new" for ::1 at 2020-11-03 19:39:43 -0800
Processing by SessionsController#new as HTML
  Rendering sessions/new.html.erb within layouts/application
  Rendered sessions/new.html.erb within layouts/application (0.4ms)
  [1m[36mUser Load (0.1ms)[0m  [1m[34mSELECT  "users".* FROM "users" WHERE "users"."session_token" IS NULL LIMIT $1[0m  [["LIMIT", 1]]
  ↳ app/controllers/application_controller.rb:8
Completed 200 OK in 20ms (Views: 17.9ms | ActiveRecord: 0.1ms)


Started POST "/session/new" for ::1 at 2020-11-03 19:40:52 -0800
  
ActionController::RoutingError (No route matches [POST] "/session/new"):
  
actionpack (5.2.4.4) lib/action_dispatch/middleware/debug_exceptions.rb:65:in `call'
web-console (3.7.0) lib/web_console/middleware.rb:135:in `call_app'
web-console (3.7.0) lib/web_console/middleware.rb:30:in `block in call'
web-console (3.7.0) lib/web_console/middleware.rb:20:in `catch'
web-console (3.7.0) lib/web_console/middleware.rb:20:in `call'
actionpack (5.2.4.4) lib/action_dispatch/middleware/show_exceptions.rb:33:in `call'
railties (5.2.4.4) lib/rails/rack/logger.rb:38:in `call_app'
railties (5.2.4.4) lib/rails/rack/logger.rb:26:in `block in call'
activesupport (5.2.4.4) lib/active_support/tagged_logging.rb:71:in `block in tagged'
activesupport (5.2.4.4) lib/active_support/tagged_logging.rb:28:in `tagged'
activesupport (5.2.4.4) lib/active_support/tagged_logging.rb:71:in `tagged'
railties (5.2.4.4) lib/rails/rack/logger.rb:26:in `call'
sprockets-rails (3.2.2) lib/sprockets/rails/quiet_assets.rb:13:in `call'
actionpack (5.2.4.4) lib/action_dispatch/middleware/remote_ip.rb:81:in `call'
actionpack (5.2.4.4) lib/action_dispatch/middleware/request_id.rb:27:in `call'
rack (2.2.3) lib/rack/method_override.rb:24:in `call'
rack (2.2.3) lib/rack/runtime.rb:22:in `call'
activesupport (5.2.4.4) lib/active_support/cache/strategy/local_cache_middleware.rb:29:in `call'
actionpack (5.2.4.4) lib/action_dispatch/middleware/executor.rb:14:in `call'
actionpack (5.2.4.4) lib/action_dispatch/middleware/static.rb:127:in `call'
rack (2.2.3) lib/rack/sendfile.rb:110:in `call'
railties (5.2.4.4) lib/rails/engine.rb:524:in `call'
puma (3.12.6) lib/puma/configuration.rb:227:in `call'
puma (3.12.6) lib/puma/server.rb:706:in `handle_request'
puma (3.12.6) lib/puma/server.rb:476:in `process_client'
puma (3.12.6) lib/puma/server.rb:334:in `block in run'
puma (3.12.6) lib/puma/thread_pool.rb:135:in `block in spawn_thread'
Started GET "/session/new" for ::1 at 2020-11-03 19:40:57 -0800
Processing by SessionsController#new as HTML
  Rendering sessions/new.html.erb within layouts/application
  Rendered sessions/new.html.erb within layouts/application (0.4ms)
  [1m[36mUser Load (0.1ms)[0m  [1m[34mSELECT  "users".* FROM "users" WHERE "users"."session_token" IS NULL LIMIT $1[0m  [["LIMIT", 1]]
  ↳ app/controllers/application_controller.rb:8
Completed 200 OK in 23ms (Views: 20.0ms | ActiveRecord: 0.9ms)


Started GET "/session/" for ::1 at 2020-11-03 19:40:58 -0800
  
ActionController::RoutingError (No route matches [GET] "/session"):
  
actionpack (5.2.4.4) lib/action_dispatch/middleware/debug_exceptions.rb:65:in `call'
web-console (3.7.0) lib/web_console/middleware.rb:135:in `call_app'
web-console (3.7.0) lib/web_console/middleware.rb:30:in `block in call'
web-console (3.7.0) lib/web_console/middleware.rb:20:in `catch'
web-console (3.7.0) lib/web_console/middleware.rb:20:in `call'
actionpack (5.2.4.4) lib/action_dispatch/middleware/show_exceptions.rb:33:in `call'
railties (5.2.4.4) lib/rails/rack/logger.rb:38:in `call_app'
railties (5.2.4.4) lib/rails/rack/logger.rb:26:in `block in call'
activesupport (5.2.4.4) lib/active_support/tagged_logging.rb:71:in `block in tagged'
activesupport (5.2.4.4) lib/active_support/tagged_logging.rb:28:in `tagged'
activesupport (5.2.4.4) lib/active_support/tagged_logging.rb:71:in `tagged'
railties (5.2.4.4) lib/rails/rack/logger.rb:26:in `call'
sprockets-rails (3.2.2) lib/sprockets/rails/quiet_assets.rb:13:in `call'
actionpack (5.2.4.4) lib/action_dispatch/middleware/remote_ip.rb:81:in `call'
actionpack (5.2.4.4) lib/action_dispatch/middleware/request_id.rb:27:in `call'
rack (2.2.3) lib/rack/method_override.rb:24:in `call'
rack (2.2.3) lib/rack/runtime.rb:22:in `call'
activesupport (5.2.4.4) lib/active_support/cache/strategy/local_cache_middleware.rb:29:in `call'
actionpack (5.2.4.4) lib/action_dispatch/middleware/executor.rb:14:in `call'
actionpack (5.2.4.4) lib/action_dispatch/middleware/static.rb:127:in `call'
rack (2.2.3) lib/rack/sendfile.rb:110:in `call'
railties (5.2.4.4) lib/rails/engine.rb:524:in `call'
puma (3.12.6) lib/puma/configuration.rb:227:in `call'
puma (3.12.6) lib/puma/server.rb:706:in `handle_request'
puma (3.12.6) lib/puma/server.rb:476:in `process_client'
puma (3.12.6) lib/puma/server.rb:334:in `block in run'
puma (3.12.6) lib/puma/thread_pool.rb:135:in `block in spawn_thread'
Started GET "/session/new" for ::1 at 2020-11-03 19:41:02 -0800
Processing by SessionsController#new as HTML
  Rendering sessions/new.html.erb within layouts/application
  Rendered sessions/new.html.erb within layouts/application (0.6ms)
  [1m[36mUser Load (0.1ms)[0m  [1m[34mSELECT  "users".* FROM "users" WHERE "users"."session_token" IS NULL LIMIT $1[0m  [["LIMIT", 1]]
  ↳ app/controllers/application_controller.rb:8
Completed 200 OK in 20ms (Views: 17.9ms | ActiveRecord: 0.1ms)


Started POST "/session" for ::1 at 2020-11-03 19:41:08 -0800
Processing by SessionsController#create as HTML
  Parameters: {"user"=>{"username"=>"willwang", "password"=>"[FILTERED]"}}
  [1m[36mUser Load (0.2ms)[0m  [1m[34mSELECT  "users".* FROM "users" WHERE "users"."email" = $1 LIMIT $2[0m  [["email", "willwang"], ["LIMIT", 1]]
  ↳ app/models/user.rb:11
  Rendering sessions/new.html.erb within layouts/application
  Rendered sessions/new.html.erb within layouts/application (0.5ms)
  [1m[36mUser Load (0.1ms)[0m  [1m[34mSELECT  "users".* FROM "users" WHERE "users"."session_token" IS NULL LIMIT $1[0m  [["LIMIT", 1]]
  ↳ app/controllers/application_controller.rb:8
Completed 200 OK in 19ms (Views: 18.0ms | ActiveRecord: 0.3ms)


Started POST "/session" for ::1 at 2020-11-03 19:42:01 -0800
Processing by SessionsController#create as HTML
  Parameters: {"user"=>{"username"=>"abc", "password"=>"[FILTERED]"}}
  [1m[36mUser Load (0.1ms)[0m  [1m[34mSELECT  "users".* FROM "users" WHERE "users"."email" = $1 LIMIT $2[0m  [["email", "abc"], ["LIMIT", 1]]
  ↳ app/models/user.rb:11
  Rendering sessions/new.html.erb within layouts/application
  Rendered sessions/new.html.erb within layouts/application (0.3ms)
  [1m[36mUser Load (0.1ms)[0m  [1m[34mSELECT  "users".* FROM "users" WHERE "users"."session_token" IS NULL LIMIT $1[0m  [["LIMIT", 1]]
  ↳ app/controllers/application_controller.rb:8
Completed 200 OK in 22ms (Views: 18.2ms | ActiveRecord: 1.0ms)


Started GET "/session/" for ::1 at 2020-11-03 19:44:11 -0800
  
ActionController::RoutingError (No route matches [GET] "/session"):
  
actionpack (5.2.4.4) lib/action_dispatch/middleware/debug_exceptions.rb:65:in `call'
web-console (3.7.0) lib/web_console/middleware.rb:135:in `call_app'
web-console (3.7.0) lib/web_console/middleware.rb:30:in `block in call'
web-console (3.7.0) lib/web_console/middleware.rb:20:in `catch'
web-console (3.7.0) lib/web_console/middleware.rb:20:in `call'
actionpack (5.2.4.4) lib/action_dispatch/middleware/show_exceptions.rb:33:in `call'
railties (5.2.4.4) lib/rails/rack/logger.rb:38:in `call_app'
railties (5.2.4.4) lib/rails/rack/logger.rb:26:in `block in call'
activesupport (5.2.4.4) lib/active_support/tagged_logging.rb:71:in `block in tagged'
activesupport (5.2.4.4) lib/active_support/tagged_logging.rb:28:in `tagged'
activesupport (5.2.4.4) lib/active_support/tagged_logging.rb:71:in `tagged'
railties (5.2.4.4) lib/rails/rack/logger.rb:26:in `call'
sprockets-rails (3.2.2) lib/sprockets/rails/quiet_assets.rb:13:in `call'
actionpack (5.2.4.4) lib/action_dispatch/middleware/remote_ip.rb:81:in `call'
actionpack (5.2.4.4) lib/action_dispatch/middleware/request_id.rb:27:in `call'
rack (2.2.3) lib/rack/method_override.rb:24:in `call'
rack (2.2.3) lib/rack/runtime.rb:22:in `call'
activesupport (5.2.4.4) lib/active_support/cache/strategy/local_cache_middleware.rb:29:in `call'
actionpack (5.2.4.4) lib/action_dispatch/middleware/executor.rb:14:in `call'
actionpack (5.2.4.4) lib/action_dispatch/middleware/static.rb:127:in `call'
rack (2.2.3) lib/rack/sendfile.rb:110:in `call'
railties (5.2.4.4) lib/rails/engine.rb:524:in `call'
puma (3.12.6) lib/puma/configuration.rb:227:in `call'
puma (3.12.6) lib/puma/server.rb:706:in `handle_request'
puma (3.12.6) lib/puma/server.rb:476:in `process_client'
puma (3.12.6) lib/puma/server.rb:334:in `block in run'
puma (3.12.6) lib/puma/thread_pool.rb:135:in `block in spawn_thread'
Started GET "/session/new" for ::1 at 2020-11-03 19:44:11 -0800
Processing by SessionsController#new as HTML
  Rendering sessions/new.html.erb within layouts/application
  Rendered sessions/new.html.erb within layouts/application (3.1ms)
Completed 500 Internal Server Error in 10ms (ActiveRecord: 0.0ms)


  
ActionView::Template::Error (undefined method `any?' for nil:NilClass):
    1: <h1>Sessions#new</h1>
    2: <form action='<%= session_url =%>' method='POST'>
    3:   <% if flash.now[:errors].any? %>
    4:     <% flash.now[:errors].each do |e| %>
    5:       <li><%=e%></li>
    6:     <% end %>
  
app/views/sessions/new.html.erb:3:in `_app_views_sessions_new_html_erb__2432088187105530030_70231114775220'
Started GET "/session/new" for ::1 at 2020-11-03 19:45:05 -0800
Processing by SessionsController#new as HTML
  Rendering sessions/new.html.erb within layouts/application
  Rendered sessions/new.html.erb within layouts/application (3.0ms)
Completed 500 Internal Server Error in 12ms (ActiveRecord: 0.0ms)


  
ActionView::Template::Error (undefined method `any?' for nil:NilClass):
    1: <h1>Sessions#new</h1>
    2: <form action='<%= session_url =%>' method='POST'>
    3:   <% if flash&.now[:errors].any? %>
    4:     <% flash.now[:errors].each do |e| %>
    5:       <li><%=e%></li>
    6:     <% end %>
  
app/views/sessions/new.html.erb:3:in `_app_views_sessions_new_html_erb__2432088187105530030_70230444024500'
Started GET "/session/new" for ::1 at 2020-11-03 19:45:07 -0800
Processing by SessionsController#new as HTML
  Rendering sessions/new.html.erb within layouts/application
  Rendered sessions/new.html.erb within layouts/application (2.8ms)
Completed 500 Internal Server Error in 9ms (ActiveRecord: 0.0ms)


  
ActionView::Template::Error (undefined method `any?' for nil:NilClass):
    1: <h1>Sessions#new</h1>
    2: <form action='<%= session_url =%>' method='POST'>
    3:   <% if flash&.now[:errors].any? %>
    4:     <% flash.now[:errors].each do |e| %>
    5:       <li><%=e%></li>
    6:     <% end %>
  
app/views/sessions/new.html.erb:3:in `_app_views_sessions_new_html_erb__2432088187105530030_70230444717920'
Started GET "/session/new" for ::1 at 2020-11-03 19:45:19 -0800
Processing by SessionsController#new as HTML
  Rendering sessions/new.html.erb within layouts/application
  Rendered sessions/new.html.erb within layouts/application (0.6ms)
  [1m[36mUser Load (0.2ms)[0m  [1m[34mSELECT  "users".* FROM "users" WHERE "users"."session_token" IS NULL LIMIT $1[0m  [["LIMIT", 1]]
  ↳ app/controllers/application_controller.rb:8
Completed 200 OK in 25ms (Views: 22.5ms | ActiveRecord: 0.2ms)


Started POST "/session" for ::1 at 2020-11-03 19:45:25 -0800
Processing by SessionsController#create as HTML
  Parameters: {"user"=>{"username"=>"ssss", "password"=>"[FILTERED]"}}
  [1m[36mUser Load (0.2ms)[0m  [1m[34mSELECT  "users".* FROM "users" WHERE "users"."email" = $1 LIMIT $2[0m  [["email", "ssss"], ["LIMIT", 1]]
  ↳ app/models/user.rb:11
  Rendering sessions/new.html.erb within layouts/application
  Rendered sessions/new.html.erb within layouts/application (0.5ms)
  [1m[36mUser Load (0.2ms)[0m  [1m[34mSELECT  "users".* FROM "users" WHERE "users"."session_token" IS NULL LIMIT $1[0m  [["LIMIT", 1]]
  ↳ app/controllers/application_controller.rb:8
Completed 200 OK in 18ms (Views: 17.0ms | ActiveRecord: 0.3ms)


Started GET "/users/new" for ::1 at 2020-11-03 19:45:45 -0800
Processing by UsersController#new as HTML
  Rendering users/new.html.erb within layouts/application
  Rendered users/new.html.erb within layouts/application (0.3ms)
  [1m[36mUser Load (0.2ms)[0m  [1m[34mSELECT  "users".* FROM "users" WHERE "users"."session_token" IS NULL LIMIT $1[0m  [["LIMIT", 1]]
  ↳ app/controllers/application_controller.rb:8
Completed 200 OK in 19ms (Views: 17.2ms | ActiveRecord: 0.2ms)


Started GET "/users/new" for ::1 at 2020-11-03 19:47:39 -0800
Processing by UsersController#new as HTML
  Rendering users/new.html.erb within layouts/application
  Rendered users/new.html.erb within layouts/application (0.3ms)
  [1m[36mUser Load (0.1ms)[0m  [1m[34mSELECT  "users".* FROM "users" WHERE "users"."session_token" IS NULL LIMIT $1[0m  [["LIMIT", 1]]
  ↳ app/controllers/application_controller.rb:8
Completed 200 OK in 19ms (Views: 16.9ms | ActiveRecord: 0.1ms)


Started POST "/users" for ::1 at 2020-11-03 19:47:53 -0800
Processing by UsersController#create as HTML
  Parameters: {"user"=>{"username"=>"will", "email"=>"will@will.com", "password"=>"[FILTERED]"}}
  Rendering users/create.html.erb within layouts/application
  Rendered users/create.html.erb within layouts/application (0.4ms)
  [1m[36mUser Load (0.1ms)[0m  [1m[34mSELECT  "users".* FROM "users" WHERE "users"."session_token" IS NULL LIMIT $1[0m  [["LIMIT", 1]]
  ↳ app/controllers/application_controller.rb:8
Completed 200 OK in 19ms (Views: 16.6ms | ActiveRecord: 0.1ms)


Started GET "/users/" for ::1 at 2020-11-03 19:52:31 -0800
  
ActionController::RoutingError (No route matches [GET] "/users"):
  
actionpack (5.2.4.4) lib/action_dispatch/middleware/debug_exceptions.rb:65:in `call'
web-console (3.7.0) lib/web_console/middleware.rb:135:in `call_app'
web-console (3.7.0) lib/web_console/middleware.rb:30:in `block in call'
web-console (3.7.0) lib/web_console/middleware.rb:20:in `catch'
web-console (3.7.0) lib/web_console/middleware.rb:20:in `call'
actionpack (5.2.4.4) lib/action_dispatch/middleware/show_exceptions.rb:33:in `call'
railties (5.2.4.4) lib/rails/rack/logger.rb:38:in `call_app'
railties (5.2.4.4) lib/rails/rack/logger.rb:26:in `block in call'
activesupport (5.2.4.4) lib/active_support/tagged_logging.rb:71:in `block in tagged'
activesupport (5.2.4.4) lib/active_support/tagged_logging.rb:28:in `tagged'
activesupport (5.2.4.4) lib/active_support/tagged_logging.rb:71:in `tagged'
railties (5.2.4.4) lib/rails/rack/logger.rb:26:in `call'
sprockets-rails (3.2.2) lib/sprockets/rails/quiet_assets.rb:13:in `call'
actionpack (5.2.4.4) lib/action_dispatch/middleware/remote_ip.rb:81:in `call'
actionpack (5.2.4.4) lib/action_dispatch/middleware/request_id.rb:27:in `call'
rack (2.2.3) lib/rack/method_override.rb:24:in `call'
rack (2.2.3) lib/rack/runtime.rb:22:in `call'
activesupport (5.2.4.4) lib/active_support/cache/strategy/local_cache_middleware.rb:29:in `call'
actionpack (5.2.4.4) lib/action_dispatch/middleware/executor.rb:14:in `call'
actionpack (5.2.4.4) lib/action_dispatch/middleware/static.rb:127:in `call'
rack (2.2.3) lib/rack/sendfile.rb:110:in `call'
railties (5.2.4.4) lib/rails/engine.rb:524:in `call'
puma (3.12.6) lib/puma/configuration.rb:227:in `call'
puma (3.12.6) lib/puma/server.rb:706:in `handle_request'
puma (3.12.6) lib/puma/server.rb:476:in `process_client'
puma (3.12.6) lib/puma/server.rb:334:in `block in run'
puma (3.12.6) lib/puma/thread_pool.rb:135:in `block in spawn_thread'
Started GET "/users/new" for ::1 at 2020-11-03 19:52:32 -0800
Processing by UsersController#new as HTML
  Rendering users/new.html.erb within layouts/application
  Rendered users/new.html.erb within layouts/application (0.7ms)
  [1m[36mUser Load (0.1ms)[0m  [1m[34mSELECT  "users".* FROM "users" WHERE "users"."session_token" IS NULL LIMIT $1[0m  [["LIMIT", 1]]
  ↳ app/controllers/application_controller.rb:8
Completed 200 OK in 29ms (Views: 25.9ms | ActiveRecord: 0.7ms)


Started POST "/users" for ::1 at 2020-11-03 19:52:38 -0800
Processing by UsersController#create as HTML
  Parameters: {"user"=>{"username"=>"111", "email"=>"111", "password"=>"[FILTERED]"}}
Completed 500 Internal Server Error in 0ms (ActiveRecord: 0.0ms)


  
ArgumentError (wrong number of arguments (given 1, expected 2)):
  
app/models/user.rb:10:in `find_by_credentials'
app/controllers/users_controller.rb:24:in `set_user'
Started POST "/users" for ::1 at 2020-11-03 19:53:34 -0800
Processing by UsersController#create as HTML
  Parameters: {"user"=>{"username"=>"111", "email"=>"111", "password"=>"[FILTERED]"}}
Completed 500 Internal Server Error in 10ms (ActiveRecord: 2.7ms)


  
NameError (uninitialized constant User::BCrypt):
  
app/models/user.rb:17:in `password='
app/controllers/users_controller.rb:8:in `create'
Started POST "/users" for ::1 at 2020-11-03 19:54:48 -0800
Processing by UsersController#create as HTML
  Parameters: {"user"=>{"username"=>"111", "email"=>"111", "password"=>"[FILTERED]"}}
Completed 500 Internal Server Error in 13ms (ActiveRecord: 3.2ms)


  
NameError (uninitialized constant User::BCrypt):
  
app/models/user.rb:17:in `password='
app/controllers/users_controller.rb:8:in `create'
Started GET "/users/" for ::1 at 2020-11-03 19:55:13 -0800
  [1m[35m (0.3ms)[0m  [1m[34mSELECT "schema_migrations"."version" FROM "schema_migrations" ORDER BY "schema_migrations"."version" ASC[0m
  ↳ /Users/yizhewang/.rbenv/versions/2.5.1/lib/ruby/gems/2.5.0/gems/activerecord-5.2.4.4/lib/active_record/log_subscriber.rb:98
  
ActionController::RoutingError (No route matches [GET] "/users"):
  
actionpack (5.2.4.4) lib/action_dispatch/middleware/debug_exceptions.rb:65:in `call'
web-console (3.7.0) lib/web_console/middleware.rb:135:in `call_app'
web-console (3.7.0) lib/web_console/middleware.rb:30:in `block in call'
web-console (3.7.0) lib/web_console/middleware.rb:20:in `catch'
web-console (3.7.0) lib/web_console/middleware.rb:20:in `call'
actionpack (5.2.4.4) lib/action_dispatch/middleware/show_exceptions.rb:33:in `call'
railties (5.2.4.4) lib/rails/rack/logger.rb:38:in `call_app'
railties (5.2.4.4) lib/rails/rack/logger.rb:26:in `block in call'
activesupport (5.2.4.4) lib/active_support/tagged_logging.rb:71:in `block in tagged'
activesupport (5.2.4.4) lib/active_support/tagged_logging.rb:28:in `tagged'
activesupport (5.2.4.4) lib/active_support/tagged_logging.rb:71:in `tagged'
railties (5.2.4.4) lib/rails/rack/logger.rb:26:in `call'
sprockets-rails (3.2.2) lib/sprockets/rails/quiet_assets.rb:13:in `call'
actionpack (5.2.4.4) lib/action_dispatch/middleware/remote_ip.rb:81:in `call'
actionpack (5.2.4.4) lib/action_dispatch/middleware/request_id.rb:27:in `call'
rack (2.2.3) lib/rack/method_override.rb:24:in `call'
rack (2.2.3) lib/rack/runtime.rb:22:in `call'
activesupport (5.2.4.4) lib/active_support/cache/strategy/local_cache_middleware.rb:29:in `call'
actionpack (5.2.4.4) lib/action_dispatch/middleware/executor.rb:14:in `call'
actionpack (5.2.4.4) lib/action_dispatch/middleware/static.rb:127:in `call'
rack (2.2.3) lib/rack/sendfile.rb:110:in `call'
railties (5.2.4.4) lib/rails/engine.rb:524:in `call'
puma (3.12.6) lib/puma/configuration.rb:227:in `call'
puma (3.12.6) lib/puma/server.rb:706:in `handle_request'
puma (3.12.6) lib/puma/server.rb:476:in `process_client'
puma (3.12.6) lib/puma/server.rb:334:in `block in run'
puma (3.12.6) lib/puma/thread_pool.rb:135:in `block in spawn_thread'
Started GET "/users/new" for ::1 at 2020-11-03 19:55:13 -0800
Processing by UsersController#new as HTML
  Rendering users/new.html.erb within layouts/application
  Rendered users/new.html.erb within layouts/application (0.3ms)
  [1m[36mUser Load (1.9ms)[0m  [1m[34mSELECT  "users".* FROM "users" WHERE "users"."session_token" IS NULL LIMIT $1[0m  [["LIMIT", 1]]
  ↳ app/controllers/application_controller.rb:8
Completed 200 OK in 164ms (Views: 143.6ms | ActiveRecord: 18.6ms)


Started POST "/users" for ::1 at 2020-11-03 19:55:26 -0800
Processing by UsersController#create as HTML
  Parameters: {"user"=>{"username"=>"willwang", "email"=>"willwang", "password"=>"[FILTERED]"}}
Completed 500 Internal Server Error in 189ms (ActiveRecord: 2.2ms)


  
NoMethodError (undefined method `ensure_session_token' for #<User:0x00007faf400e6ef0>
Did you mean?  ensure_session_token!):
  
app/controllers/users_controller.rb:8:in `create'
Started POST "/users" for ::1 at 2020-11-03 19:55:47 -0800
Processing by UsersController#create as HTML
  Parameters: {"user"=>{"username"=>"willwang", "email"=>"willwang", "password"=>"[FILTERED]"}}
Completed 500 Internal Server Error in 188ms (ActiveRecord: 1.8ms)


  
NoMethodError (undefined method `generate_session_token' for #<Class:0x00007faf40139718>
Did you mean?  generate_unique_secure_token):
  
app/models/user.rb:33:in `ensure_session_token!'
app/controllers/users_controller.rb:8:in `create'
Started POST "/users" for ::1 at 2020-11-03 19:58:06 -0800
Processing by UsersController#create as HTML
  Parameters: {"user"=>{"username"=>"willwang", "email"=>"willwang", "password"=>"[FILTERED]"}}
Completed 500 Internal Server Error in 185ms (ActiveRecord: 1.7ms)


  
NoMethodError (undefined method `reset_session_token' for #<User:0x00007faf62059510>
Did you mean?  reset_session_token!
               restore_session_token!):
  
app/controllers/application_controller.rb:16:in `log_in_user!'
app/controllers/users_controller.rb:10:in `create'
Started POST "/users" for ::1 at 2020-11-03 19:58:37 -0800
Processing by UsersController#create as HTML
  Parameters: {"user"=>{"username"=>"willwang", "email"=>"willwang", "password"=>"[FILTERED]"}}
Completed 500 Internal Server Error in 189ms (ActiveRecord: 1.9ms)


  
NoMethodError (undefined method `reset_session_token' for #<User:0x00007faf4109bfa8>
Did you mean?  reset_session_token!
               restore_session_token!):
  
app/controllers/application_controller.rb:16:in `log_in_user!'
app/controllers/users_controller.rb:10:in `create'
Started POST "/users" for ::1 at 2020-11-03 19:58:49 -0800
Processing by UsersController#create as HTML
  Parameters: {"user"=>{"username"=>"willwang", "email"=>"willwang", "password"=>"[FILTERED]"}}
  [1m[35m (0.2ms)[0m  [1m[35mBEGIN[0m
  ↳ app/models/user.rb:30
  [1m[36mUser Exists (0.3ms)[0m  [1m[34mSELECT  1 AS one FROM "users" WHERE LOWER("users"."username") = LOWER($1) LIMIT $2[0m  [["username", "willwang"], ["LIMIT", 1]]
  ↳ app/models/user.rb:30
  [1m[36mUser Exists (0.1ms)[0m  [1m[34mSELECT  1 AS one FROM "users" WHERE LOWER("users"."email") = LOWER($1) LIMIT $2[0m  [["email", "willwang"], ["LIMIT", 1]]
  ↳ app/models/user.rb:30
  [1m[36mUser Exists (0.3ms)[0m  [1m[34mSELECT  1 AS one FROM "users" WHERE "users"."session_token" = $1 LIMIT $2[0m  [["session_token", "JHK1N-N819XfNe8-qJHtbw"], ["LIMIT", 1]]
  ↳ app/models/user.rb:30
  [1m[36mUser Create (0.6ms)[0m  [1m[32mINSERT INTO "users" ("username", "email", "password_digest", "session_token", "created_at", "updated_at") VALUES ($1, $2, $3, $4, $5, $6) RETURNING "id"[0m  [["username", "willwang"], ["email", "willwang"], ["password_digest", "$2a$12$SctkqEiC6cHRvDhcmOAA/e3YJmYL31X.g.hCMJtdoeAfhs.dzGojG"], ["session_token", "JHK1N-N819XfNe8-qJHtbw"], ["created_at", "2020-11-04 03:58:49.362537"], ["updated_at", "2020-11-04 03:58:49.362537"]]
  ↳ app/models/user.rb:30
  [1m[35m (0.4ms)[0m  [1m[35mCOMMIT[0m
  ↳ app/models/user.rb:30
  [1m[35m (0.1ms)[0m  [1m[35mBEGIN[0m
  ↳ app/controllers/application_controller.rb:17
  [1m[36mUser Exists (0.3ms)[0m  [1m[34mSELECT  1 AS one FROM "users" WHERE LOWER("users"."username") = LOWER($1) AND "users"."id" != $2 LIMIT $3[0m  [["username", "willwang"], ["id", 1], ["LIMIT", 1]]
  ↳ app/controllers/application_controller.rb:17
  [1m[36mUser Exists (0.2ms)[0m  [1m[34mSELECT  1 AS one FROM "users" WHERE LOWER("users"."email") = LOWER($1) AND "users"."id" != $2 LIMIT $3[0m  [["email", "willwang"], ["id", 1], ["LIMIT", 1]]
  ↳ app/controllers/application_controller.rb:17
  [1m[36mUser Exists (0.2ms)[0m  [1m[34mSELECT  1 AS one FROM "users" WHERE "users"."session_token" = $1 AND "users"."id" != $2 LIMIT $3[0m  [["session_token", "JHK1N-N819XfNe8-qJHtbw"], ["id", 1], ["LIMIT", 1]]
  ↳ app/controllers/application_controller.rb:17
  [1m[35m (0.1ms)[0m  [1m[35mCOMMIT[0m
  ↳ app/controllers/application_controller.rb:17
Redirected to http://localhost:3000/bands
Completed 302 Found in 197ms (ActiveRecord: 11.5ms)


Started GET "/bands" for ::1 at 2020-11-03 19:58:51 -0800
Processing by BandsController#index as HTML
  Rendering bands/index.html.erb within layouts/application
  [1m[36mBand Load (0.3ms)[0m  [1m[34mSELECT "bands".* FROM "bands"[0m
  ↳ app/views/bands/index.html.erb:14
  Rendered bands/index.html.erb within layouts/application (2.0ms)
  [1m[36mUser Load (0.2ms)[0m  [1m[34mSELECT  "users".* FROM "users" WHERE "users"."session_token" IS NULL LIMIT $1[0m  [["LIMIT", 1]]
  ↳ app/controllers/application_controller.rb:8
Completed 200 OK in 21ms (Views: 17.5ms | ActiveRecord: 1.1ms)


  [1m[36mUser Load (0.2ms)[0m  [1m[34mSELECT  "users".* FROM "users" LIMIT $1[0m  [["LIMIT", 11]]
Started GET "/bands" for ::1 at 2020-11-03 19:59:59 -0800
Processing by BandsController#index as HTML
  Rendering bands/index.html.erb within layouts/application
  [1m[36mBand Load (0.2ms)[0m  [1m[34mSELECT "bands".* FROM "bands"[0m
  ↳ app/views/bands/index.html.erb:14
  Rendered bands/index.html.erb within layouts/application (2.5ms)
Completed 500 Internal Server Error in 32ms (ActiveRecord: 0.9ms)


  
ActionView::Template::Error ():
     6:     <%= javascript_include_tag 'application', 'data-turbolinks-track': 'reload' %>
     7:   </head>
     8:   <body>
     9:     <% if current_user %>
    10:       <%= button_to "sign out", session_url, method: "delete" %>
    11:     <% else %>
    12:       <%= link_to "sign in", new_session_url %>
  
app/controllers/application_controller.rb:8:in `current_user'
app/views/layouts/application.html.erb:9:in `_app_views_layouts_application_html_erb___310295481999074339_70195347485500'
Started GET "/bands" for ::1 at 2020-11-03 20:02:50 -0800
  [1m[35m (0.3ms)[0m  [1m[34mSELECT "schema_migrations"."version" FROM "schema_migrations" ORDER BY "schema_migrations"."version" ASC[0m
  ↳ /Users/yizhewang/.rbenv/versions/2.5.1/lib/ruby/gems/2.5.0/gems/activerecord-5.2.4.4/lib/active_record/log_subscriber.rb:98
Processing by BandsController#index as HTML
  Rendering bands/index.html.erb within layouts/application
  [1m[36mBand Load (0.3ms)[0m  [1m[34mSELECT "bands".* FROM "bands"[0m
  ↳ app/views/bands/index.html.erb:14
  Rendered bands/index.html.erb within layouts/application (3.1ms)
Completed 500 Internal Server Error in 153ms (ActiveRecord: 1.0ms)



RuntimeError - :
  app/controllers/application_controller.rb:8:in `current_user'
  app/views/layouts/application.html.erb:9:in `_app_views_layouts_application_html_erb___2923008099913333067_70344080388040'

Started POST "/__better_errors/cb45c5639ee38f8a/variables" for ::1 at 2020-11-03 20:02:50 -0800
Started POST "/__better_errors/cb45c5639ee38f8a/eval" for ::1 at 2020-11-03 20:02:58 -0800
Started POST "/__better_errors/cb45c5639ee38f8a/eval" for ::1 at 2020-11-03 20:03:02 -0800
Started POST "/__better_errors/cb45c5639ee38f8a/eval" for ::1 at 2020-11-03 20:03:06 -0800
Started GET "/bands" for ::1 at 2020-11-03 20:03:31 -0800
Processing by BandsController#index as HTML
  Rendering bands/index.html.erb within layouts/application
  [1m[36mBand Load (0.3ms)[0m  [1m[34mSELECT "bands".* FROM "bands"[0m
  ↳ app/views/bands/index.html.erb:14
  Rendered bands/index.html.erb within layouts/application (3.4ms)
  [1m[36mUser Load (0.5ms)[0m  [1m[34mSELECT  "users".* FROM "users" WHERE "users"."session_token" IS NULL LIMIT $1[0m  [["LIMIT", 1]]
  ↳ app/controllers/application_controller.rb:8
Completed 500 Internal Server Error in 56ms (ActiveRecord: 3.0ms)



RuntimeError - :
  app/controllers/application_controller.rb:9:in `current_user'
  app/views/layouts/application.html.erb:9:in `_app_views_layouts_application_html_erb___2923008099913333067_70343134760880'

Started POST "/__better_errors/306788382d393a7f/variables" for ::1 at 2020-11-03 20:03:31 -0800
Started GET "/bands" for ::1 at 2020-11-03 20:03:32 -0800
Processing by BandsController#index as HTML
  Rendering bands/index.html.erb within layouts/application
  [1m[36mBand Load (10.3ms)[0m  [1m[34mSELECT "bands".* FROM "bands"[0m
  ↳ app/views/bands/index.html.erb:14
  Rendered bands/index.html.erb within layouts/application (11.7ms)
  [1m[36mUser Load (18.0ms)[0m  [1m[34mSELECT  "users".* FROM "users" WHERE "users"."session_token" IS NULL LIMIT $1[0m  [["LIMIT", 1]]
  ↳ app/controllers/application_controller.rb:8
Completed 500 Internal Server Error in 115ms (ActiveRecord: 28.2ms)



RuntimeError - :
  app/controllers/application_controller.rb:9:in `current_user'
  app/views/layouts/application.html.erb:9:in `_app_views_layouts_application_html_erb___2923008099913333067_70343143456280'

Started POST "/__better_errors/66e4b5155b30f374/variables" for ::1 at 2020-11-03 20:03:32 -0800
Started POST "/__better_errors/66e4b5155b30f374/eval" for ::1 at 2020-11-03 20:03:39 -0800
Started POST "/__better_errors/66e4b5155b30f374/eval" for ::1 at 2020-11-03 20:03:45 -0800
Started POST "/__better_errors/66e4b5155b30f374/eval" for ::1 at 2020-11-03 20:03:51 -0800
Started POST "/__better_errors/66e4b5155b30f374/eval" for ::1 at 2020-11-03 20:03:57 -0800
Started GET "/bands" for ::1 at 2020-11-03 20:04:24 -0800
Processing by BandsController#index as HTML
  Rendering bands/index.html.erb within layouts/application
  [1m[36mBand Load (0.2ms)[0m  [1m[34mSELECT "bands".* FROM "bands"[0m
  ↳ app/views/bands/index.html.erb:14
  Rendered bands/index.html.erb within layouts/application (2.7ms)
  [1m[36mUser Load (0.2ms)[0m  [1m[34mSELECT  "users".* FROM "users" WHERE "users"."session_token" IS NULL LIMIT $1[0m  [["LIMIT", 1]]
  ↳ app/controllers/application_controller.rb:8
Completed 200 OK in 43ms (Views: 38.2ms | ActiveRecord: 2.0ms)


Started GET "/session/new" for ::1 at 2020-11-03 20:04:26 -0800
Processing by SessionsController#new as HTML
  Rendering sessions/new.html.erb within layouts/application
  Rendered sessions/new.html.erb within layouts/application (0.6ms)
  [1m[36mUser Load (0.2ms)[0m  [1m[34mSELECT  "users".* FROM "users" WHERE "users"."session_token" IS NULL LIMIT $1[0m  [["LIMIT", 1]]
  ↳ app/controllers/application_controller.rb:8
Completed 200 OK in 27ms (Views: 24.8ms | ActiveRecord: 0.2ms)


Started GET "/users/new" for ::1 at 2020-11-03 20:04:30 -0800
Processing by UsersController#new as HTML
  Rendering users/new.html.erb within layouts/application
  Rendered users/new.html.erb within layouts/application (0.3ms)
  [1m[36mUser Load (0.2ms)[0m  [1m[34mSELECT  "users".* FROM "users" WHERE "users"."session_token" IS NULL LIMIT $1[0m  [["LIMIT", 1]]
  ↳ app/controllers/application_controller.rb:8
Completed 200 OK in 24ms (Views: 21.9ms | ActiveRecord: 0.2ms)


Started POST "/users" for ::1 at 2020-11-03 20:04:36 -0800
Processing by UsersController#create as HTML
  Parameters: {"user"=>{"username"=>"111111", "email"=>"111111", "password"=>"[FILTERED]"}}
  [1m[35m (0.1ms)[0m  [1m[35mBEGIN[0m
  ↳ app/models/user.rb:30
  [1m[36mUser Exists (0.2ms)[0m  [1m[34mSELECT  1 AS one FROM "users" WHERE LOWER("users"."username") = LOWER($1) LIMIT $2[0m  [["username", "111111"], ["LIMIT", 1]]
  ↳ app/models/user.rb:30
  [1m[36mUser Exists (0.2ms)[0m  [1m[34mSELECT  1 AS one FROM "users" WHERE LOWER("users"."email") = LOWER($1) LIMIT $2[0m  [["email", "111111"], ["LIMIT", 1]]
  ↳ app/models/user.rb:30
  [1m[36mUser Exists (0.2ms)[0m  [1m[34mSELECT  1 AS one FROM "users" WHERE "users"."session_token" = $1 LIMIT $2[0m  [["session_token", "kVlLSGOh2LVKVKGhvDBvCg"], ["LIMIT", 1]]
  ↳ app/models/user.rb:30
  [1m[36mUser Create (0.3ms)[0m  [1m[32mINSERT INTO "users" ("username", "email", "password_digest", "session_token", "created_at", "updated_at") VALUES ($1, $2, $3, $4, $5, $6) RETURNING "id"[0m  [["username", "111111"], ["email", "111111"], ["password_digest", "$2a$12$M8eKP4cxBeSxnPH58iNYWe4sKwtCqXSOpdVF0SYhNK3ixCmbxvGfu"], ["session_token", "kVlLSGOh2LVKVKGhvDBvCg"], ["created_at", "2020-11-04 04:04:36.822982"], ["updated_at", "2020-11-04 04:04:36.822982"]]
  ↳ app/models/user.rb:30
  [1m[35m (5.6ms)[0m  [1m[35mCOMMIT[0m
  ↳ app/models/user.rb:30
  [1m[35m (0.1ms)[0m  [1m[35mBEGIN[0m
  ↳ app/controllers/application_controller.rb:17
  [1m[36mUser Exists (0.3ms)[0m  [1m[34mSELECT  1 AS one FROM "users" WHERE LOWER("users"."username") = LOWER($1) AND "users"."id" != $2 LIMIT $3[0m  [["username", "111111"], ["id", 2], ["LIMIT", 1]]
  ↳ app/controllers/application_controller.rb:17
  [1m[36mUser Exists (0.2ms)[0m  [1m[34mSELECT  1 AS one FROM "users" WHERE LOWER("users"."email") = LOWER($1) AND "users"."id" != $2 LIMIT $3[0m  [["email", "111111"], ["id", 2], ["LIMIT", 1]]
  ↳ app/controllers/application_controller.rb:17
  [1m[36mUser Exists (0.1ms)[0m  [1m[34mSELECT  1 AS one FROM "users" WHERE "users"."session_token" = $1 AND "users"."id" != $2 LIMIT $3[0m  [["session_token", "kVlLSGOh2LVKVKGhvDBvCg"], ["id", 2], ["LIMIT", 1]]
  ↳ app/controllers/application_controller.rb:17
  [1m[35m (0.2ms)[0m  [1m[35mCOMMIT[0m
  ↳ app/controllers/application_controller.rb:17
Redirected to http://localhost:3000/bands
Completed 302 Found in 195ms (ActiveRecord: 9.8ms)


Started GET "/bands" for ::1 at 2020-11-03 20:04:36 -0800
Processing by BandsController#index as HTML
  Rendering bands/index.html.erb within layouts/application
  [1m[36mBand Load (0.2ms)[0m  [1m[34mSELECT "bands".* FROM "bands"[0m
  ↳ app/views/bands/index.html.erb:14
  Rendered bands/index.html.erb within layouts/application (1.1ms)
  [1m[36mUser Load (0.2ms)[0m  [1m[34mSELECT  "users".* FROM "users" WHERE "users"."session_token" IS NULL LIMIT $1[0m  [["LIMIT", 1]]
  ↳ app/controllers/application_controller.rb:8
Completed 200 OK in 30ms (Views: 27.9ms | ActiveRecord: 0.4ms)


Started GET "/bands" for ::1 at 2020-11-03 20:04:55 -0800
Processing by BandsController#index as HTML
  Rendering bands/index.html.erb within layouts/application
  [1m[36mBand Load (0.2ms)[0m  [1m[34mSELECT "bands".* FROM "bands"[0m
  ↳ app/views/bands/index.html.erb:14
  Rendered bands/index.html.erb within layouts/application (2.2ms)
  [1m[36mUser Load (0.2ms)[0m  [1m[34mSELECT  "users".* FROM "users" WHERE "users"."session_token" IS NULL LIMIT $1[0m  [["LIMIT", 1]]
  ↳ app/controllers/application_controller.rb:8
Completed 200 OK in 29ms (Views: 22.8ms | ActiveRecord: 2.4ms)


Started GET "/bands" for ::1 at 2020-11-03 20:04:58 -0800
Processing by BandsController#index as HTML
  Rendering bands/index.html.erb within layouts/application
  [1m[36mBand Load (0.2ms)[0m  [1m[34mSELECT "bands".* FROM "bands"[0m
  ↳ app/views/bands/index.html.erb:14
  Rendered bands/index.html.erb within layouts/application (1.0ms)
  [1m[36mUser Load (0.6ms)[0m  [1m[34mSELECT  "users".* FROM "users" WHERE "users"."session_token" IS NULL LIMIT $1[0m  [["LIMIT", 1]]
  ↳ app/controllers/application_controller.rb:8
Completed 200 OK in 23ms (Views: 20.6ms | ActiveRecord: 0.8ms)


Started GET "/" for ::1 at 2020-11-03 20:04:58 -0800
Processing by Rails::WelcomeController#index as HTML
  Rendering /Users/yizhewang/.rbenv/versions/2.5.1/lib/ruby/gems/2.5.0/gems/railties-5.2.4.4/lib/rails/templates/rails/welcome/index.html.erb
  Rendered /Users/yizhewang/.rbenv/versions/2.5.1/lib/ruby/gems/2.5.0/gems/railties-5.2.4.4/lib/rails/templates/rails/welcome/index.html.erb (1.1ms)
Completed 200 OK in 6ms (Views: 3.6ms | ActiveRecord: 0.0ms)


Started GET "/users" for ::1 at 2020-11-03 20:05:00 -0800
  
ActionController::RoutingError (No route matches [GET] "/users"):
  
actionpack (5.2.4.4) lib/action_dispatch/middleware/debug_exceptions.rb:65:in `call'
web-console (3.7.0) lib/web_console/middleware.rb:135:in `call_app'
web-console (3.7.0) lib/web_console/middleware.rb:30:in `block in call'
web-console (3.7.0) lib/web_console/middleware.rb:20:in `catch'
web-console (3.7.0) lib/web_console/middleware.rb:20:in `call'
actionpack (5.2.4.4) lib/action_dispatch/middleware/show_exceptions.rb:33:in `call'
railties (5.2.4.4) lib/rails/rack/logger.rb:38:in `call_app'
railties (5.2.4.4) lib/rails/rack/logger.rb:26:in `block in call'
activesupport (5.2.4.4) lib/active_support/tagged_logging.rb:71:in `block in tagged'
activesupport (5.2.4.4) lib/active_support/tagged_logging.rb:28:in `tagged'
activesupport (5.2.4.4) lib/active_support/tagged_logging.rb:71:in `tagged'
railties (5.2.4.4) lib/rails/rack/logger.rb:26:in `call'
sprockets-rails (3.2.2) lib/sprockets/rails/quiet_assets.rb:13:in `call'
actionpack (5.2.4.4) lib/action_dispatch/middleware/remote_ip.rb:81:in `call'
actionpack (5.2.4.4) lib/action_dispatch/middleware/request_id.rb:27:in `call'
rack (2.2.3) lib/rack/method_override.rb:24:in `call'
rack (2.2.3) lib/rack/runtime.rb:22:in `call'
activesupport (5.2.4.4) lib/active_support/cache/strategy/local_cache_middleware.rb:29:in `call'
actionpack (5.2.4.4) lib/action_dispatch/middleware/executor.rb:14:in `call'
actionpack (5.2.4.4) lib/action_dispatch/middleware/static.rb:127:in `call'
rack (2.2.3) lib/rack/sendfile.rb:110:in `call'
railties (5.2.4.4) lib/rails/engine.rb:524:in `call'
puma (3.12.6) lib/puma/configuration.rb:227:in `call'
puma (3.12.6) lib/puma/server.rb:706:in `handle_request'
puma (3.12.6) lib/puma/server.rb:476:in `process_client'
puma (3.12.6) lib/puma/server.rb:334:in `block in run'
puma (3.12.6) lib/puma/thread_pool.rb:135:in `block in spawn_thread'
Started GET "/users/" for ::1 at 2020-11-03 20:05:00 -0800
  
ActionController::RoutingError (No route matches [GET] "/users"):
  
actionpack (5.2.4.4) lib/action_dispatch/middleware/debug_exceptions.rb:65:in `call'
web-console (3.7.0) lib/web_console/middleware.rb:135:in `call_app'
web-console (3.7.0) lib/web_console/middleware.rb:30:in `block in call'
web-console (3.7.0) lib/web_console/middleware.rb:20:in `catch'
web-console (3.7.0) lib/web_console/middleware.rb:20:in `call'
actionpack (5.2.4.4) lib/action_dispatch/middleware/show_exceptions.rb:33:in `call'
railties (5.2.4.4) lib/rails/rack/logger.rb:38:in `call_app'
railties (5.2.4.4) lib/rails/rack/logger.rb:26:in `block in call'
activesupport (5.2.4.4) lib/active_support/tagged_logging.rb:71:in `block in tagged'
activesupport (5.2.4.4) lib/active_support/tagged_logging.rb:28:in `tagged'
activesupport (5.2.4.4) lib/active_support/tagged_logging.rb:71:in `tagged'
railties (5.2.4.4) lib/rails/rack/logger.rb:26:in `call'
sprockets-rails (3.2.2) lib/sprockets/rails/quiet_assets.rb:13:in `call'
actionpack (5.2.4.4) lib/action_dispatch/middleware/remote_ip.rb:81:in `call'
actionpack (5.2.4.4) lib/action_dispatch/middleware/request_id.rb:27:in `call'
rack (2.2.3) lib/rack/method_override.rb:24:in `call'
rack (2.2.3) lib/rack/runtime.rb:22:in `call'
activesupport (5.2.4.4) lib/active_support/cache/strategy/local_cache_middleware.rb:29:in `call'
actionpack (5.2.4.4) lib/action_dispatch/middleware/executor.rb:14:in `call'
actionpack (5.2.4.4) lib/action_dispatch/middleware/static.rb:127:in `call'
rack (2.2.3) lib/rack/sendfile.rb:110:in `call'
railties (5.2.4.4) lib/rails/engine.rb:524:in `call'
puma (3.12.6) lib/puma/configuration.rb:227:in `call'
puma (3.12.6) lib/puma/server.rb:706:in `handle_request'
puma (3.12.6) lib/puma/server.rb:476:in `process_client'
puma (3.12.6) lib/puma/server.rb:334:in `block in run'
puma (3.12.6) lib/puma/thread_pool.rb:135:in `block in spawn_thread'
Started GET "/users/new" for ::1 at 2020-11-03 20:05:01 -0800
Processing by UsersController#new as HTML
  Rendering users/new.html.erb within layouts/application
  Rendered users/new.html.erb within layouts/application (0.5ms)
  [1m[36mUser Load (0.2ms)[0m  [1m[34mSELECT  "users".* FROM "users" WHERE "users"."session_token" IS NULL LIMIT $1[0m  [["LIMIT", 1]]
  ↳ app/controllers/application_controller.rb:8
Completed 200 OK in 20ms (Views: 17.5ms | ActiveRecord: 0.2ms)


Started GET "/users/new" for ::1 at 2020-11-03 20:05:02 -0800
Processing by UsersController#new as HTML
  Rendering users/new.html.erb within layouts/application
  Rendered users/new.html.erb within layouts/application (0.4ms)
  [1m[36mUser Load (0.1ms)[0m  [1m[34mSELECT  "users".* FROM "users" WHERE "users"."session_token" IS NULL LIMIT $1[0m  [["LIMIT", 1]]
  ↳ app/controllers/application_controller.rb:8
Completed 200 OK in 19ms (Views: 17.1ms | ActiveRecord: 0.1ms)


Started POST "/users" for ::1 at 2020-11-03 20:05:08 -0800
Processing by UsersController#create as HTML
  Parameters: {"user"=>{"username"=>"111111", "email"=>"111111", "password"=>"[FILTERED]"}}
  [1m[35m (0.2ms)[0m  [1m[35mBEGIN[0m
  ↳ app/models/user.rb:30
  [1m[36mUser Exists (0.2ms)[0m  [1m[34mSELECT  1 AS one FROM "users" WHERE LOWER("users"."username") = LOWER($1) LIMIT $2[0m  [["username", "111111"], ["LIMIT", 1]]
  ↳ app/models/user.rb:30
  [1m[36mUser Exists (0.2ms)[0m  [1m[34mSELECT  1 AS one FROM "users" WHERE LOWER("users"."email") = LOWER($1) LIMIT $2[0m  [["email", "111111"], ["LIMIT", 1]]
  ↳ app/models/user.rb:30
  [1m[36mUser Exists (0.1ms)[0m  [1m[34mSELECT  1 AS one FROM "users" WHERE "users"."session_token" = $1 LIMIT $2[0m  [["session_token", "9Vml6ymnOS-a8mMzYhhbjw"], ["LIMIT", 1]]
  ↳ app/models/user.rb:30
  [1m[35m (0.1ms)[0m  [1m[31mROLLBACK[0m
  ↳ app/models/user.rb:30
Completed 422 Unprocessable Entity in 190ms (ActiveRecord: 2.1ms)



ActiveRecord::RecordInvalid - Validation failed: Username has already been taken, Email has already been taken:
  app/models/user.rb:30:in `reset_session_token!'
  app/controllers/application_controller.rb:16:in `log_in_user!'
  app/controllers/users_controller.rb:10:in `create'

Started POST "/__better_errors/d7689fd4a4287605/variables" for ::1 at 2020-11-03 20:05:08 -0800
Started GET "/users/new" for ::1 at 2020-11-03 20:05:14 -0800
Processing by UsersController#new as HTML
  Rendering users/new.html.erb within layouts/application
  Rendered users/new.html.erb within layouts/application (0.5ms)
  [1m[36mUser Load (0.1ms)[0m  [1m[34mSELECT  "users".* FROM "users" WHERE "users"."session_token" IS NULL LIMIT $1[0m  [["LIMIT", 1]]
  ↳ app/controllers/application_controller.rb:8
Completed 200 OK in 23ms (Views: 20.9ms | ActiveRecord: 0.1ms)


Started POST "/users" for ::1 at 2020-11-03 20:05:20 -0800
Processing by UsersController#create as HTML
  Parameters: {"user"=>{"username"=>"222222", "email"=>"222222", "password"=>"[FILTERED]"}}
  [1m[35m (0.1ms)[0m  [1m[35mBEGIN[0m
  ↳ app/models/user.rb:30
  [1m[36mUser Exists (0.2ms)[0m  [1m[34mSELECT  1 AS one FROM "users" WHERE LOWER("users"."username") = LOWER($1) LIMIT $2[0m  [["username", "222222"], ["LIMIT", 1]]
  ↳ app/models/user.rb:30
  [1m[36mUser Exists (0.2ms)[0m  [1m[34mSELECT  1 AS one FROM "users" WHERE LOWER("users"."email") = LOWER($1) LIMIT $2[0m  [["email", "222222"], ["LIMIT", 1]]
  ↳ app/models/user.rb:30
  [1m[36mUser Exists (0.2ms)[0m  [1m[34mSELECT  1 AS one FROM "users" WHERE "users"."session_token" = $1 LIMIT $2[0m  [["session_token", "JsDdiVJdHov1IpOe2Uta8Q"], ["LIMIT", 1]]
  ↳ app/models/user.rb:30
  [1m[36mUser Create (0.2ms)[0m  [1m[32mINSERT INTO "users" ("username", "email", "password_digest", "session_token", "created_at", "updated_at") VALUES ($1, $2, $3, $4, $5, $6) RETURNING "id"[0m  [["username", "222222"], ["email", "222222"], ["password_digest", "$2a$12$Omah22t5V6DYics.bNgFBu7wILtj/oW85skGEwboUrcUQ0zk8Ma16"], ["session_token", "JsDdiVJdHov1IpOe2Uta8Q"], ["created_at", "2020-11-04 04:05:20.664191"], ["updated_at", "2020-11-04 04:05:20.664191"]]
  ↳ app/models/user.rb:30
  [1m[35m (5.6ms)[0m  [1m[35mCOMMIT[0m
  ↳ app/models/user.rb:30
  [1m[35m (0.1ms)[0m  [1m[35mBEGIN[0m
  ↳ app/controllers/application_controller.rb:17
  [1m[36mUser Exists (0.2ms)[0m  [1m[34mSELECT  1 AS one FROM "users" WHERE LOWER("users"."username") = LOWER($1) AND "users"."id" != $2 LIMIT $3[0m  [["username", "222222"], ["id", 3], ["LIMIT", 1]]
  ↳ app/controllers/application_controller.rb:17
  [1m[36mUser Exists (0.2ms)[0m  [1m[34mSELECT  1 AS one FROM "users" WHERE LOWER("users"."email") = LOWER($1) AND "users"."id" != $2 LIMIT $3[0m  [["email", "222222"], ["id", 3], ["LIMIT", 1]]
  ↳ app/controllers/application_controller.rb:17
  [1m[36mUser Exists (0.2ms)[0m  [1m[34mSELECT  1 AS one FROM "users" WHERE "users"."session_token" = $1 AND "users"."id" != $2 LIMIT $3[0m  [["session_token", "JsDdiVJdHov1IpOe2Uta8Q"], ["id", 3], ["LIMIT", 1]]
  ↳ app/controllers/application_controller.rb:17
  [1m[35m (0.1ms)[0m  [1m[35mCOMMIT[0m
  ↳ app/controllers/application_controller.rb:17
Redirected to http://localhost:3000/bands
Completed 302 Found in 36822ms (ActiveRecord: 7.1ms)


Started GET "/bands" for ::1 at 2020-11-03 20:06:12 -0800
  [1m[35m (0.4ms)[0m  [1m[34mSELECT "schema_migrations"."version" FROM "schema_migrations" ORDER BY "schema_migrations"."version" ASC[0m
  ↳ /Users/yizhewang/.rbenv/versions/2.5.1/lib/ruby/gems/2.5.0/gems/activerecord-5.2.4.4/lib/active_record/log_subscriber.rb:98
Processing by BandsController#index as HTML
  Rendering bands/index.html.erb within layouts/application
  [1m[36mBand Load (0.4ms)[0m  [1m[34mSELECT "bands".* FROM "bands"[0m
  ↳ app/views/bands/index.html.erb:14
  Rendered bands/index.html.erb within layouts/application (3.7ms)
  [1m[36mUser Load (1.8ms)[0m  [1m[34mSELECT  "users".* FROM "users" WHERE "users"."session_token" IS NULL LIMIT $1[0m  [["LIMIT", 1]]
  ↳ app/controllers/application_controller.rb:8
Completed 200 OK in 234ms (Views: 200.3ms | ActiveRecord: 26.7ms)


Started GET "/users/new" for ::1 at 2020-11-03 20:06:15 -0800
Processing by UsersController#new as HTML
  Rendering users/new.html.erb within layouts/application
  Rendered users/new.html.erb within layouts/application (0.4ms)
  [1m[36mUser Load (0.2ms)[0m  [1m[34mSELECT  "users".* FROM "users" WHERE "users"."session_token" IS NULL LIMIT $1[0m  [["LIMIT", 1]]
  ↳ app/controllers/application_controller.rb:8
Completed 200 OK in 18ms (Views: 15.5ms | ActiveRecord: 0.2ms)


Started POST "/users" for ::1 at 2020-11-03 20:06:23 -0800
Processing by UsersController#create as HTML
  Parameters: {"user"=>{"username"=>"333333", "email"=>"333333", "password"=>"[FILTERED]"}}
  [1m[35m (0.1ms)[0m  [1m[35mBEGIN[0m
  ↳ app/models/user.rb:30
  [1m[36mUser Exists (0.2ms)[0m  [1m[34mSELECT  1 AS one FROM "users" WHERE LOWER("users"."username") = LOWER($1) LIMIT $2[0m  [["username", "333333"], ["LIMIT", 1]]
  ↳ app/models/user.rb:30
  [1m[36mUser Exists (0.1ms)[0m  [1m[34mSELECT  1 AS one FROM "users" WHERE LOWER("users"."email") = LOWER($1) LIMIT $2[0m  [["email", "333333"], ["LIMIT", 1]]
  ↳ app/models/user.rb:30
  [1m[36mUser Exists (0.1ms)[0m  [1m[34mSELECT  1 AS one FROM "users" WHERE "users"."session_token" = $1 LIMIT $2[0m  [["session_token", "bsPrx-6Ng0dMeHZYBpv0vQ"], ["LIMIT", 1]]
  ↳ app/models/user.rb:30
  [1m[36mUser Create (0.2ms)[0m  [1m[32mINSERT INTO "users" ("username", "email", "password_digest", "session_token", "created_at", "updated_at") VALUES ($1, $2, $3, $4, $5, $6) RETURNING "id"[0m  [["username", "333333"], ["email", "333333"], ["password_digest", "$2a$12$ynLqV0f/RtunZHujjp0BNu9fLvFgudNxrxe.3ven0LwHxRbiaBnHu"], ["session_token", "bsPrx-6Ng0dMeHZYBpv0vQ"], ["created_at", "2020-11-04 04:06:23.888092"], ["updated_at", "2020-11-04 04:06:23.888092"]]
  ↳ app/models/user.rb:30
  [1m[35m (5.8ms)[0m  [1m[35mCOMMIT[0m
  ↳ app/models/user.rb:30
  [1m[35m (0.1ms)[0m  [1m[35mBEGIN[0m
  ↳ app/controllers/application_controller.rb:17
  [1m[36mUser Exists (0.2ms)[0m  [1m[34mSELECT  1 AS one FROM "users" WHERE LOWER("users"."username") = LOWER($1) AND "users"."id" != $2 LIMIT $3[0m  [["username", "333333"], ["id", 4], ["LIMIT", 1]]
  ↳ app/controllers/application_controller.rb:17
  [1m[36mUser Exists (0.1ms)[0m  [1m[34mSELECT  1 AS one FROM "users" WHERE LOWER("users"."email") = LOWER($1) AND "users"."id" != $2 LIMIT $3[0m  [["email", "333333"], ["id", 4], ["LIMIT", 1]]
  ↳ app/controllers/application_controller.rb:17
  [1m[36mUser Exists (0.1ms)[0m  [1m[34mSELECT  1 AS one FROM "users" WHERE "users"."session_token" = $1 AND "users"."id" != $2 LIMIT $3[0m  [["session_token", "bsPrx-6Ng0dMeHZYBpv0vQ"], ["id", 4], ["LIMIT", 1]]
  ↳ app/controllers/application_controller.rb:17
  [1m[35m (0.1ms)[0m  [1m[35mCOMMIT[0m
  ↳ app/controllers/application_controller.rb:17
Redirected to http://localhost:3000/bands
Completed 302 Found in 193ms (ActiveRecord: 9.8ms)


Started GET "/bands" for ::1 at 2020-11-03 20:06:23 -0800
Processing by BandsController#index as HTML
  Rendering bands/index.html.erb within layouts/application
  [1m[36mBand Load (0.2ms)[0m  [1m[34mSELECT "bands".* FROM "bands"[0m
  ↳ app/views/bands/index.html.erb:14
  Rendered bands/index.html.erb within layouts/application (1.0ms)
  [1m[36mUser Load (0.2ms)[0m  [1m[34mSELECT  "users".* FROM "users" WHERE "users"."session_token" = $1 LIMIT $2[0m  [["session_token", "bsPrx-6Ng0dMeHZYBpv0vQ"], ["LIMIT", 1]]
  ↳ app/controllers/application_controller.rb:8
Completed 200 OK in 19ms (Views: 17.2ms | ActiveRecord: 0.4ms)


